# JRE version: OpenJDK Runtime Environment Corretto-17.0.20.8.1 (17.0.20+8) (build 17.0.20+8-LTS)
# Java VM: OpenJDK 64-Bit Server VM Corretto-17.0.20.8.1 (17.0.20+8-LTS, mixed mode, sharing, tiered, compressed oops, compressed class ptrs, g1 gc, windows-amd64)
GC Precious Log:
 CPUs: 2 total, 2 available
 Memory: 3889M
 Large Page Support: Disabled
 NUMA Support: Disabled
 Compressed Oops: Enabled (32-bit)
 Heap Region Size: 1M
 Heap Min Capacity: 8M
 Heap Initial Capacity: 62M
 Heap Max Capacity: 974M
 Pre-touch: Disabled
 Parallel Workers: 2
 Concurrent Workers: 1
 Concurrent Refinement Workers: 2
 Periodic GC: Disabled
Heap:
 garbage-first heap   total 63488K, used 17833K [0x00000000c3200000, 0x0000000100000000)
  region size 1024K, 3 young (3072K), 1 survivors (1024K)
 Metaspace       used 17851K, committed 18112K, reserved 1114112K
  class space    used 2052K, committed 2176K, reserved 1048576K
GC Heap History (20 events):
Event: 11.921 GC heap before
{Heap before GC invocations=1 (full 0):
 garbage-first heap   total 63488K, used 4987K [0x00000000c3200000, 0x0000000100000000)
  region size 1024K, 5 young (5120K), 1 survivors (1024K)
 Metaspace       used 2406K, committed 2560K, reserved 1114112K
  class space    used 234K, committed 320K, reserved 1048576K
}
Event: 11.924 GC heap after
{Heap after GC invocations=2 (full 0):
 garbage-first heap   total 63488K, used 2313K [0x00000000c3200000, 0x0000000100000000)
  region size 1024K, 1 young (1024K), 1 survivors (1024K)
 Metaspace       used 2406K, committed 2560K, reserved 1114112K
  class space    used 234K, committed 320K, reserved 1048576K
}
Event: 15.538 GC heap before
{Heap before GC invocations=2 (full 0):
 garbage-first heap   total 63488K, used 13577K [0x00000000c3200000, 0x0000000100000000)
  region size 1024K, 12 young (12288K), 1 survivors (1024K)
 Metaspace       used 4605K, committed 4736K, reserved 1114112K
  class space    used 534K, committed 576K, reserved 1048576K
}
Event: 15.542 GC heap after
{Heap after GC invocations=3 (full 0):
 garbage-first heap   total 63488K, used 3447K [0x00000000c3200000, 0x0000000100000000)
  region size 1024K, 2 young (2048K), 2 survivors (2048K)
 Metaspace       used 4605K, committed 4736K, reserved 1114112K
  class space    used 534K, committed 576K, reserved 1048576K
}
Event: 19.407 GC heap before
{Heap before GC invocations=3 (full 0):
 garbage-first heap   total 63488K, used 19831K [0x00000000c3200000, 0x0000000100000000)
  region size 1024K, 18 young (18432K), 2 survivors (2048K)
 Metaspace       used 6072K, committed 6208K, reserved 1114112K
  class space    used 731K, committed 832K, reserved 1048576K
}
Event: 19.412 GC heap after
{Heap after GC invocations=4 (full 0):
 garbage-first heap   total 63488K, used 4012K [0x00000000c3200000, 0x0000000100000000)
  region size 1024K, 2 young (2048K), 2 survivors (2048K)
 Metaspace       used 6072K, committed 6208K, reserved 1114112K
  class space    used 731K, committed 832K, reserved 1048576K
}
Event: 29.266 GC heap before
{Heap before GC invocations=4 (full 0):
 garbage-first heap   total 63488K, used 39852K [0x00000000c3200000, 0x0000000100000000)
  region size 1024K, 37 young (37888K), 2 survivors (2048K)
 Metaspace       used 9927K, committed 10112K, reserved 1114112K
  class space    used 1217K, committed 1280K, reserved 1048576K
}
Event: 29.281 GC heap after
{Heap after GC invocations=5 (full 0):
 garbage-first heap   total 63488K, used 5557K [0x00000000c3200000, 0x0000000100000000)
  region size 1024K, 4 young (4096K), 4 survivors (4096K)
 Metaspace       used 9927K, committed 10112K, reserved 1114112K
  class space    used 1217K, committed 1280K, reserved 1048576K
}
Event: 50.054 GC heap before
{Heap before GC invocations=5 (full 0):
 garbage-first heap   total 63488K, used 39349K [0x00000000c3200000, 0x0000000100000000)
  region size 1024K, 37 young (37888K), 4 survivors (4096K)
 Metaspace       used 14559K, committed 14784K, reserved 1114112K
  class space    used 1776K, committed 1856K, reserved 1048576K
}
Event: 50.077 GC heap after
{Heap after GC invocations=6 (full 0):
 garbage-first heap   total 63488K, used 8568K [0x00000000c3200000, 0x0000000100000000)
  region size 1024K, 5 young (5120K), 5 survivors (5120K)
 Metaspace       used 14559K, committed 14784K, reserved 1114112K
  class space    used 1776K, committed 1856K, reserved 1048576K
}
Event: 62.459 GC heap before
{Heap before GC invocations=6 (full 0):
 garbage-first heap   total 63488K, used 41336K [0x00000000c3200000, 0x0000000100000000)
  region size 1024K, 37 young (37888K), 5 survivors (5120K)
 Metaspace       used 15519K, committed 15744K, reserved 1114112K
  class space    used 1860K, committed 1920K, reserved 1048576K
}
Event: 62.478 GC heap after
{Heap after GC invocations=7 (full 0):
 garbage-first heap   total 63488K, used 12977K [0x00000000c3200000, 0x0000000100000000)
  region size 1024K, 5 young (5120K), 5 survivors (5120K)
 Metaspace       used 15519K, committed 15744K, reserved 1114112K
  class space    used 1860K, committed 1920K, reserved 1048576K
}
Event: 79.150 GC heap before
{Heap before GC invocations=7 (full 0):
 garbage-first heap   total 63488K, used 44721K [0x00000000c3200000, 0x0000000100000000)
  region size 1024K, 36 young (36864K), 5 survivors (5120K)
 Metaspace       used 15900K, committed 16064K, reserved 1114112K
  class space    used 1865K, committed 1920K, reserved 1048576K
}
Event: 79.165 GC heap after
{Heap after GC invocations=8 (full 0):
 garbage-first heap   total 63488K, used 14111K [0x00000000c3200000, 0x0000000100000000)
  region size 1024K, 2 young (2048K), 2 survivors (2048K)
 Metaspace       used 15900K, committed 16064K, reserved 1114112K
  class space    used 1865K, committed 1920K, reserved 1048576K
}
Event: 116.556 GC heap before
{Heap before GC invocations=8 (full 0):
 garbage-first heap   total 63488K, used 50975K [0x00000000c3200000, 0x0000000100000000)
  region size 1024K, 31 young (31744K), 2 survivors (2048K)
 Metaspace       used 17193K, committed 17472K, reserved 1114112K
  class space    used 1996K, committed 2112K, reserved 1048576K
}
Event: 116.608 GC heap after
{Heap after GC invocations=9 (full 0):
 garbage-first heap   total 63488K, used 24351K [0x00000000c3200000, 0x0000000100000000)
  region size 1024K, 4 young (4096K), 4 survivors (4096K)
 Metaspace       used 17193K, committed 17472K, reserved 1114112K
  class space    used 1996K, committed 2112K, reserved 1048576K
}
Event: 116.907 GC heap before
{Heap before GC invocations=9 (full 0):
 garbage-first heap   total 63488K, used 36639K [0x00000000c3200000, 0x0000000100000000)
  region size 1024K, 5 young (5120K), 4 survivors (4096K)
 Metaspace       used 17193K, committed 17472K, reserved 1114112K
  class space    used 1996K, committed 2112K, reserved 1048576K
}
Event: 116.919 GC heap after
{Heap after GC invocations=10 (full 0):
 garbage-first heap   total 63488K, used 36518K [0x00000000c3200000, 0x0000000100000000)
  region size 1024K, 2 young (2048K), 2 survivors (2048K)
 Metaspace       used 17193K, committed 17472K, reserved 1114112K
  class space    used 1996K, committed 2112K, reserved 1048576K
}
Event: 157.279 GC heap before
{Heap before GC invocations=11 (full 0):
 garbage-first heap   total 63488K, used 59046K [0x00000000c3200000, 0x0000000100000000)
  region size 1024K, 13 young (13312K), 2 survivors (2048K)
 Metaspace       used 17622K, committed 17920K, reserved 1114112K
  class space    used 2031K, committed 2176K, reserved 1048576K
}
Event: 157.309 GC heap after
{Heap after GC invocations=12 (full 0):
 garbage-first heap   total 63488K, used 16809K [0x00000000c3200000, 0x0000000100000000)
  region size 1024K, 1 young (1024K), 1 survivors (1024K)
 Metaspace       used 17622K, committed 17920K, reserved 1114112K
  class space    used 2031K, committed 2176K, reserved 1048576K
}

