# JRE version: OpenJDK Runtime Environment Corretto-17.0.20.8.1 (17.0.20+8) (build 17.0.20+8-LTS)
# Java VM: OpenJDK 64-Bit Server VM Corretto-17.0.20.8.1 (17.0.20+8-LTS, mixed mode, sharing, tiered, compressed oops, compressed class ptrs, g1 gc, windows-amd64)
GC Precious Log:
 CPUs: 2 total, 2 available
 Memory: 3889M
 Large Page Support: Disabled
 NUMA Support: Disabled
 Compressed Oops: Enabled (32-bit)
 Heap Region Size: 1M
 Heap Min Capacity: 8M
 Heap Initial Capacity: 62M
 Heap Max Capacity: 974M
 Pre-touch: Disabled
 Parallel Workers: 2
 Concurrent Workers: 1
 Concurrent Refinement Workers: 2
 Periodic GC: Disabled
Heap:
 garbage-first heap   total 83968K, used 42381K [0x00000000c3200000, 0x0000000100000000)
  region size 1024K, 22 young (22528K), 1 survivors (1024K)
 Metaspace       used 25254K, committed 25600K, reserved 1114112K
  class space    used 2918K, committed 3072K, reserved 1048576K
GC Heap History (20 events):
Event: 1.513 GC heap before
{Heap before GC invocations=1 (full 0):
 garbage-first heap   total 63488K, used 4990K [0x00000000c3200000, 0x0000000100000000)
  region size 1024K, 5 young (5120K), 1 survivors (1024K)
 Metaspace       used 2426K, committed 2560K, reserved 1114112K
  class space    used 241K, committed 320K, reserved 1048576K
}
Event: 1.516 GC heap after
{Heap after GC invocations=2 (full 0):
 garbage-first heap   total 63488K, used 2433K [0x00000000c3200000, 0x0000000100000000)
  region size 1024K, 1 young (1024K), 1 survivors (1024K)
 Metaspace       used 2426K, committed 2560K, reserved 1114112K
  class space    used 241K, committed 320K, reserved 1048576K
}
Event: 2.527 GC heap before
{Heap before GC invocations=2 (full 0):
 garbage-first heap   total 63488K, used 13697K [0x00000000c3200000, 0x0000000100000000)
  region size 1024K, 12 young (12288K), 1 survivors (1024K)
 Metaspace       used 4591K, committed 4736K, reserved 1114112K
  class space    used 529K, committed 576K, reserved 1048576K
}
Event: 2.531 GC heap after
{Heap after GC invocations=3 (full 0):
 garbage-first heap   total 63488K, used 3441K [0x00000000c3200000, 0x0000000100000000)
  region size 1024K, 2 young (2048K), 2 survivors (2048K)
 Metaspace       used 4591K, committed 4736K, reserved 1114112K
  class space    used 529K, committed 576K, reserved 1048576K
}
Event: 4.258 GC heap before
{Heap before GC invocations=3 (full 0):
 garbage-first heap   total 63488K, used 19825K [0x00000000c3200000, 0x0000000100000000)
  region size 1024K, 18 young (18432K), 2 survivors (2048K)
 Metaspace       used 5995K, committed 6144K, reserved 1114112K
  class space    used 724K, committed 832K, reserved 1048576K
}
Event: 4.263 GC heap after
{Heap after GC invocations=4 (full 0):
 garbage-first heap   total 63488K, used 3930K [0x00000000c3200000, 0x0000000100000000)
  region size 1024K, 2 young (2048K), 2 survivors (2048K)
 Metaspace       used 5995K, committed 6144K, reserved 1114112K
  class space    used 724K, committed 832K, reserved 1048576K
}
Event: 6.333 GC heap before
{Heap before GC invocations=4 (full 0):
 garbage-first heap   total 63488K, used 39770K [0x00000000c3200000, 0x0000000100000000)
  region size 1024K, 37 young (37888K), 2 survivors (2048K)
 Metaspace       used 9880K, committed 10048K, reserved 1114112K
  class space    used 1206K, committed 1280K, reserved 1048576K
}
Event: 6.351 GC heap after
{Heap after GC invocations=5 (full 0):
 garbage-first heap   total 63488K, used 5394K [0x00000000c3200000, 0x0000000100000000)
  region size 1024K, 4 young (4096K), 4 survivors (4096K)
 Metaspace       used 9880K, committed 10048K, reserved 1114112K
  class space    used 1206K, committed 1280K, reserved 1048576K
}
Event: 21.574 GC heap before
{Heap before GC invocations=5 (full 0):
 garbage-first heap   total 63488K, used 39186K [0x00000000c3200000, 0x0000000100000000)
  region size 1024K, 37 young (37888K), 4 survivors (4096K)
 Metaspace       used 14546K, committed 14784K, reserved 1114112K
  class space    used 1773K, committed 1856K, reserved 1048576K
}
Event: 21.589 GC heap after
{Heap after GC invocations=6 (full 0):
 garbage-first heap   total 63488K, used 8558K [0x00000000c3200000, 0x0000000100000000)
  region size 1024K, 5 young (5120K), 5 survivors (5120K)
 Metaspace       used 14546K, committed 14784K, reserved 1114112K
  class space    used 1773K, committed 1856K, reserved 1048576K
}
Event: 24.284 GC heap before
{Heap before GC invocations=6 (full 0):
 garbage-first heap   total 63488K, used 41326K [0x00000000c3200000, 0x0000000100000000)
  region size 1024K, 37 young (37888K), 5 survivors (5120K)
 Metaspace       used 15441K, committed 15616K, reserved 1114112K
  class space    used 1848K, committed 1920K, reserved 1048576K
}
Event: 24.313 GC heap after
{Heap after GC invocations=7 (full 0):
 garbage-first heap   total 63488K, used 12345K [0x00000000c3200000, 0x0000000100000000)
  region size 1024K, 4 young (4096K), 4 survivors (4096K)
 Metaspace       used 15441K, committed 15616K, reserved 1114112K
  class space    used 1848K, committed 1920K, reserved 1048576K
}
Event: 25.907 GC heap before
{Heap before GC invocations=7 (full 0):
 garbage-first heap   total 63488K, used 45113K [0x00000000c3200000, 0x0000000100000000)
  region size 1024K, 36 young (36864K), 4 survivors (4096K)
 Metaspace       used 15868K, committed 16064K, reserved 1114112K
  class space    used 1853K, committed 1920K, reserved 1048576K
}
Event: 25.923 GC heap after
{Heap after GC invocations=8 (full 0):
 garbage-first heap   total 63488K, used 14477K [0x00000000c3200000, 0x0000000100000000)
  region size 1024K, 2 young (2048K), 2 survivors (2048K)
 Metaspace       used 15868K, committed 16064K, reserved 1114112K
  class space    used 1853K, committed 1920K, reserved 1048576K
}
Event: 29.467 GC heap before
{Heap before GC invocations=8 (full 0):
 garbage-first heap   total 63488K, used 49293K [0x00000000c3200000, 0x0000000100000000)
  region size 1024K, 29 young (29696K), 2 survivors (2048K)
 Metaspace       used 17193K, committed 17472K, reserved 1114112K
  class space    used 1983K, committed 2112K, reserved 1048576K
}
Event: 29.477 GC heap after
{Heap after GC invocations=9 (full 0):
 garbage-first heap   total 63488K, used 24124K [0x00000000c3200000, 0x0000000100000000)
  region size 1024K, 4 young (4096K), 4 survivors (4096K)
 Metaspace       used 17193K, committed 17472K, reserved 1114112K
  class space    used 1983K, committed 2112K, reserved 1048576K
}
Event: 29.482 GC heap before
{Heap before GC invocations=9 (full 0):
 garbage-first heap   total 63488K, used 36412K [0x00000000c3200000, 0x0000000100000000)
  region size 1024K, 5 young (5120K), 4 survivors (4096K)
 Metaspace       used 17193K, committed 17472K, reserved 1114112K
  class space    used 1983K, committed 2112K, reserved 1048576K
}
Event: 29.488 GC heap after
{Heap after GC invocations=10 (full 0):
 garbage-first heap   total 63488K, used 36586K [0x00000000c3200000, 0x0000000100000000)
  region size 1024K, 2 young (2048K), 2 survivors (2048K)
 Metaspace       used 17193K, committed 17472K, reserved 1114112K
  class space    used 1983K, committed 2112K, reserved 1048576K
}
Event: 30.783 GC heap before
{Heap before GC invocations=11 (full 0):
 garbage-first heap   total 83968K, used 63210K [0x00000000c3200000, 0x0000000100000000)
  region size 1024K, 16 young (16384K), 2 survivors (2048K)
 Metaspace       used 18040K, committed 18304K, reserved 1114112K
  class space    used 2059K, committed 2176K, reserved 1048576K
}
Event: 30.790 GC heap after
{Heap after GC invocations=12 (full 0):
 garbage-first heap   total 83968K, used 16781K [0x00000000c3200000, 0x0000000100000000)
  region size 1024K, 1 young (1024K), 1 survivors (1024K)
 Metaspace       used 18040K, committed 18304K, reserved 1114112K
  class space    used 2059K, committed 2176K, reserved 1048576K
}

